This file contains any messages produced by compilers while
running configure, to aid debugging if configure makes a mistake.

It was created by rnnoise configure 0.2-22-g70f1d25-dirty, which was
generated by GNU Autoconf 2.69.  Invocation command line was

  $ ./configure 

## --------- ##
## Platform. ##
## --------- ##

hostname = HR
uname -m = x86_64
uname -r = 5.4.0-56-generic
uname -s = Linux
uname -v = #62~18.04.1-Ubuntu SMP Tue Nov 24 10:07:50 UTC 2020

/usr/bin/uname -p = unknown
/bin/uname -X     = unknown

/bin/arch              = unknown
/usr/bin/arch -k       = unknown
/usr/convex/getsysinfo = unknown
/usr/bin/hostinfo      = unknown
/bin/machine           = unknown
/usr/bin/oslevel       = unknown
/bin/universe          = unknown

PATH: /home/pengdingwei/.local/bin
PATH: /home/pengdingwei/bin
PATH: /home/haorui/anaconda3/bin
PATH: /home/haorui/anaconda3/condabin
PATH: /opt/comsol/comsol62/multiphysics/bin
PATH: /home/shendan/Downloads/hadoop-3.3.0/bin
PATH: /opt/clion/clion-2020.3/bin
PATH: /opt/pycharm/pycharm-2020.3/bin
PATH: /opt/Qt5.14.0/5.14.0/gcc_64/bin
PATH: /opt/Qt5.14.0/Tools/QtCreator/bin
PATH: /home/haorui/anaconda3/bin
PATH: /usr/local/cuda/bin
PATH: /home/pengdingwei/.local/bin
PATH: /home/pengdingwei/bin
PATH: /opt/comsol/comsol62/multiphysics/bin
PATH: /home/shendan/Downloads/hadoop-3.3.0/bin
PATH: /opt/clion/clion-2020.3/bin
PATH: /opt/pycharm/pycharm-2020.3/bin
PATH: /opt/Qt5.14.0/5.14.0/gcc_64/bin
PATH: /opt/Qt5.14.0/Tools/QtCreator/bin
PATH: /home/haorui/anaconda3/bin
PATH: /usr/local/cuda/bin
PATH: /home/pengdingwei/.local/bin
PATH: /home/pengdingwei/bin
PATH: /opt/comsol/comsol62/multiphysics/bin
PATH: /home/shendan/Downloads/hadoop-3.3.0/bin
PATH: /opt/clion/clion-2020.3/bin
PATH: /opt/pycharm/pycharm-2020.3/bin
PATH: /opt/Qt5.14.0/5.14.0/gcc_64/bin
PATH: /opt/Qt5.14.0/Tools/QtCreator/bin
PATH: /home/haorui/anaconda3/bin
PATH: /usr/local/cuda/bin
PATH: /usr/local/sbin
PATH: /usr/local/bin
PATH: /usr/sbin
PATH: /usr/bin
PATH: /sbin
PATH: /bin
PATH: /usr/games
PATH: /usr/local/games
PATH: /snap/bin
PATH: /usr/lib/jvm/java-11-openjdk-amd64/bin
PATH: /usr/lib/jvm/java-11-openjdk-amd64/bin
PATH: /usr/lib/jvm/java-11-openjdk-amd64/bin


## ----------- ##
## Core tests. ##
## ----------- ##

configure:2345: checking for gcc
configure:2361: found /usr/bin/gcc
configure:2372: result: gcc
configure:2601: checking for C compiler version
configure:2610: gcc --version >&5
gcc (Ubuntu 7.5.0-3ubuntu1~18.04) 7.5.0
Copyright (C) 2017 Free Software Foundation, Inc.
This is free software; see the source for copying conditions.  There is NO
warranty; not even for MERCHANTABILITY or FITNESS FOR A PARTICULAR PURPOSE.

configure:2621: $? = 0
configure:2610: gcc -v >&5
Using built-in specs.
COLLECT_GCC=gcc
COLLECT_LTO_WRAPPER=/usr/lib/gcc/x86_64-linux-gnu/7/lto-wrapper
OFFLOAD_TARGET_NAMES=nvptx-none
OFFLOAD_TARGET_DEFAULT=1
Target: x86_64-linux-gnu
Configured with: ../src/configure -v --with-pkgversion='Ubuntu 7.5.0-3ubuntu1~18.04' --with-bugurl=file:///usr/share/doc/gcc-7/README.Bugs --enable-languages=c,ada,c++,go,brig,d,fortran,objc,obj-c++ --prefix=/usr --with-gcc-major-version-only --program-suffix=-7 --program-prefix=x86_64-linux-gnu- --enable-shared --enable-linker-build-id --libexecdir=/usr/lib --without-included-gettext --enable-threads=posix --libdir=/usr/lib --enable-nls --enable-bootstrap --enable-clocale=gnu --enable-libstdcxx-debug --enable-libstdcxx-time=yes --with-default-libstdcxx-abi=new --enable-gnu-unique-object --disable-vtable-verify --enable-libmpx --enable-plugin --enable-default-pie --with-system-zlib --with-target-system-zlib --enable-objc-gc=auto --enable-multiarch --disable-werror --with-arch-32=i686 --with-abi=m64 --with-multilib-list=m32,m64,mx32 --enable-multilib --with-tune=generic --enable-offload-targets=nvptx-none --without-cuda-driver --enable-checking=release --build=x86_64-linux-gnu --host=x86_64-linux-gnu --target=x86_64-linux-gnu
Thread model: posix
gcc version 7.5.0 (Ubuntu 7.5.0-3ubuntu1~18.04) 
configure:2621: $? = 0
configure:2610: gcc -V >&5
gcc: error: unrecognized command line option '-V'
gcc: fatal error: no input files
compilation terminated.
configure:2621: $? = 1
configure:2610: gcc -qversion >&5
gcc: error: unrecognized command line option '-qversion'; did you mean '--version'?
gcc: fatal error: no input files
compilation terminated.
configure:2621: $? = 1
configure:2641: checking whether the C compiler works
configure:2663: gcc    conftest.c  >&5
configure:2667: $? = 0
configure:2715: result: yes
configure:2718: checking for C compiler default output file name
configure:2720: result: a.out
configure:2726: checking for suffix of executables
configure:2733: gcc -o conftest    conftest.c  >&5
configure:2737: $? = 0
configure:2759: result: 
configure:2781: checking whether we are cross compiling
configure:2789: gcc -o conftest    conftest.c  >&5
configure:2793: $? = 0
configure:2800: ./conftest
configure:2804: $? = 0
configure:2819: result: no
configure:2824: checking for suffix of object files
configure:2846: gcc -c   conftest.c >&5
configure:2850: $? = 0
configure:2871: result: o
configure:2875: checking whether we are using the GNU C compiler
configure:2894: gcc -c   conftest.c >&5
configure:2894: $? = 0
configure:2903: result: yes
configure:2912: checking whether gcc accepts -g
configure:2932: gcc -c -g  conftest.c >&5
configure:2932: $? = 0
configure:2973: result: yes
configure:2990: checking for gcc option to accept ISO C89
configure:3053: gcc  -c -g -O2  conftest.c >&5
configure:3053: $? = 0
configure:3066: result: none needed
configure:3091: checking whether gcc understands -c and -o together
configure:3113: gcc -c conftest.c -o conftest2.o
configure:3116: $? = 0
configure:3113: gcc -c conftest.c -o conftest2.o
configure:3116: $? = 0
configure:3128: result: yes
configure:3151: checking how to run the C preprocessor
configure:3182: gcc -E  conftest.c
configure:3182: $? = 0
configure:3196: gcc -E  conftest.c
conftest.c:9:10: fatal error: ac_nonexistent.h: No such file or directory
 #include <ac_nonexistent.h>
          ^~~~~~~~~~~~~~~~~~
compilation terminated.
configure:3196: $? = 1
configure: failed program was:
| /* confdefs.h */
| #define PACKAGE_NAME "rnnoise"
| #define PACKAGE_TARNAME "rnnoise"
| #define PACKAGE_VERSION "0.2-22-g70f1d25-dirty"
| #define PACKAGE_STRING "rnnoise 0.2-22-g70f1d25-dirty"
| #define PACKAGE_BUGREPORT "jmvalin@jmvalin.ca"
| #define PACKAGE_URL ""
| /* end confdefs.h.  */
| #include <ac_nonexistent.h>
configure:3221: result: gcc -E
configure:3241: gcc -E  conftest.c
configure:3241: $? = 0
configure:3255: gcc -E  conftest.c
conftest.c:9:10: fatal error: ac_nonexistent.h: No such file or directory
 #include <ac_nonexistent.h>
          ^~~~~~~~~~~~~~~~~~
compilation terminated.
configure:3255: $? = 1
configure: failed program was:
| /* confdefs.h */
| #define PACKAGE_NAME "rnnoise"
| #define PACKAGE_TARNAME "rnnoise"
| #define PACKAGE_VERSION "0.2-22-g70f1d25-dirty"
| #define PACKAGE_STRING "rnnoise 0.2-22-g70f1d25-dirty"
| #define PACKAGE_BUGREPORT "jmvalin@jmvalin.ca"
| #define PACKAGE_URL ""
| /* end confdefs.h.  */
| #include <ac_nonexistent.h>
configure:3284: checking for grep that handles long lines and -e
configure:3342: result: /bin/grep
configure:3347: checking for egrep
configure:3409: result: /bin/grep -E
configure:3414: checking for ANSI C header files
configure:3434: gcc -c -g -O2  conftest.c >&5
configure:3434: $? = 0
configure:3507: gcc -o conftest -g -O2   conftest.c  >&5
configure:3507: $? = 0
configure:3507: ./conftest
configure:3507: $? = 0
configure:3518: result: yes
configure:3531: checking for sys/types.h
configure:3531: gcc -c -g -O2  conftest.c >&5
configure:3531: $? = 0
configure:3531: result: yes
configure:3531: checking for sys/stat.h
configure:3531: gcc -c -g -O2  conftest.c >&5
configure:3531: $? = 0
configure:3531: result: yes
configure:3531: checking for stdlib.h
configure:3531: gcc -c -g -O2  conftest.c >&5
configure:3531: $? = 0
configure:3531: result: yes
configure:3531: checking for string.h
configure:3531: gcc -c -g -O2  conftest.c >&5
configure:3531: $? = 0
configure:3531: result: yes
configure:3531: checking for memory.h
configure:3531: gcc -c -g -O2  conftest.c >&5
configure:3531: $? = 0
configure:3531: result: yes
configure:3531: checking for strings.h
configure:3531: gcc -c -g -O2  conftest.c >&5
configure:3531: $? = 0
configure:3531: result: yes
configure:3531: checking for inttypes.h
configure:3531: gcc -c -g -O2  conftest.c >&5
configure:3531: $? = 0
configure:3531: result: yes
configure:3531: checking for stdint.h
configure:3531: gcc -c -g -O2  conftest.c >&5
configure:3531: $? = 0
configure:3531: result: yes
configure:3531: checking for unistd.h
configure:3531: gcc -c -g -O2  conftest.c >&5
configure:3531: $? = 0
configure:3531: result: yes
configure:3544: checking minix/config.h usability
configure:3544: gcc -c -g -O2  conftest.c >&5
conftest.c:52:10: fatal error: minix/config.h: No such file or directory
 #include <minix/config.h>
          ^~~~~~~~~~~~~~~~
compilation terminated.
configure:3544: $? = 1
configure: failed program was:
| /* confdefs.h */
| #define PACKAGE_NAME "rnnoise"
| #define PACKAGE_TARNAME "rnnoise"
| #define PACKAGE_VERSION "0.2-22-g70f1d25-dirty"
| #define PACKAGE_STRING "rnnoise 0.2-22-g70f1d25-dirty"
| #define PACKAGE_BUGREPORT "jmvalin@jmvalin.ca"
| #define PACKAGE_URL ""
| #define STDC_HEADERS 1
| #define HAVE_SYS_TYPES_H 1
| #define HAVE_SYS_STAT_H 1
| #define HAVE_STDLIB_H 1
| #define HAVE_STRING_H 1
| #define HAVE_MEMORY_H 1
| #define HAVE_STRINGS_H 1
| #define HAVE_INTTYPES_H 1
| #define HAVE_STDINT_H 1
| #define HAVE_UNISTD_H 1
| /* end confdefs.h.  */
| #include <stdio.h>
| #ifdef HAVE_SYS_TYPES_H
| # include <sys/types.h>
| #endif
| #ifdef HAVE_SYS_STAT_H
| # include <sys/stat.h>
| #endif
| #ifdef STDC_HEADERS
| # include <stdlib.h>
| # include <stddef.h>
| #else
| # ifdef HAVE_STDLIB_H
| #  include <stdlib.h>
| # endif
| #endif
| #ifdef HAVE_STRING_H
| # if !defined STDC_HEADERS && defined HAVE_MEMORY_H
| #  include <memory.h>
| # endif
| # include <string.h>
| #endif
| #ifdef HAVE_STRINGS_H
| # include <strings.h>
| #endif
| #ifdef HAVE_INTTYPES_H
| # include <inttypes.h>
| #endif
| #ifdef HAVE_STDINT_H
| # include <stdint.h>
| #endif
| #ifdef HAVE_UNISTD_H
| # include <unistd.h>
| #endif
| #include <minix/config.h>
configure:3544: result: no
configure:3544: checking minix/config.h presence
configure:3544: gcc -E  conftest.c
conftest.c:19:10: fatal error: minix/config.h: No such file or directory
 #include <minix/config.h>
          ^~~~~~~~~~~~~~~~
compilation terminated.
configure:3544: $? = 1
configure: failed program was:
| /* confdefs.h */
| #define PACKAGE_NAME "rnnoise"
| #define PACKAGE_TARNAME "rnnoise"
| #define PACKAGE_VERSION "0.2-22-g70f1d25-dirty"
| #define PACKAGE_STRING "rnnoise 0.2-22-g70f1d25-dirty"
| #define PACKAGE_BUGREPORT "jmvalin@jmvalin.ca"
| #define PACKAGE_URL ""
| #define STDC_HEADERS 1
| #define HAVE_SYS_TYPES_H 1
| #define HAVE_SYS_STAT_H 1
| #define HAVE_STDLIB_H 1
| #define HAVE_STRING_H 1
| #define HAVE_MEMORY_H 1
| #define HAVE_STRINGS_H 1
| #define HAVE_INTTYPES_H 1
| #define HAVE_STDINT_H 1
| #define HAVE_UNISTD_H 1
| /* end confdefs.h.  */
| #include <minix/config.h>
configure:3544: result: no
configure:3544: checking for minix/config.h
configure:3544: result: no
configure:3565: checking whether it is safe to define __EXTENSIONS__
configure:3583: gcc -c -g -O2  conftest.c >&5
configure:3583: $? = 0
configure:3590: result: yes
configure:3611: checking for special C compiler options needed for large files
configure:3656: result: no
configure:3662: checking for _FILE_OFFSET_BITS value needed for large files
configure:3687: gcc -c -g -O2  conftest.c >&5
configure:3687: $? = 0
configure:3719: result: no
configure:3821: checking for a BSD-compatible install
configure:3889: result: /usr/bin/install -c
configure:3900: checking whether build environment is sane
configure:3955: result: yes
configure:4103: checking for a thread-safe mkdir -p
configure:4142: result: /bin/mkdir -p
configure:4149: checking for gawk
configure:4179: result: no
configure:4149: checking for mawk
configure:4165: found /usr/bin/mawk
configure:4176: result: mawk
configure:4187: checking whether make sets $(MAKE)
configure:4209: result: yes
configure:4239: checking for style of include used by make
configure:4267: result: GNU
configure:4301: checking whether make supports nested variables
configure:4318: result: yes
configure:4394: checking dependency style of gcc
configure:4505: result: gcc3
configure:4564: checking whether to enable maintainer-specific portions of Makefiles
configure:4573: result: yes
configure:4587: checking for inline
configure:4603: gcc -c -g -O2  conftest.c >&5
configure:4603: $? = 0
configure:4611: result: inline
configure:4659: checking build system type
configure:4673: result: x86_64-pc-linux-gnu
configure:4693: checking host system type
configure:4706: result: x86_64-pc-linux-gnu
configure:4747: checking how to print strings
configure:4774: result: printf
configure:4795: checking for a sed that does not truncate output
configure:4859: result: /bin/sed
configure:4877: checking for fgrep
configure:4939: result: /bin/grep -F
configure:4974: checking for ld used by gcc
configure:5041: result: /usr/bin/ld
configure:5048: checking if the linker (/usr/bin/ld) is GNU ld
configure:5063: result: yes
configure:5075: checking for BSD- or MS-compatible name lister (nm)
configure:5129: result: /usr/bin/nm -B
configure:5259: checking the name lister (/usr/bin/nm -B) interface
configure:5266: gcc -c -g -O2  conftest.c >&5
configure:5269: /usr/bin/nm -B "conftest.o"
configure:5272: output
0000000000000000 B some_variable
configure:5279: result: BSD nm
configure:5282: checking whether ln -s works
configure:5286: result: yes
configure:5294: checking the maximum length of command line arguments
configure:5425: result: 1572864
configure:5473: checking how to convert x86_64-pc-linux-gnu file names to x86_64-pc-linux-gnu format
configure:5513: result: func_convert_file_noop
configure:5520: checking how to convert x86_64-pc-linux-gnu file names to toolchain format
configure:5540: result: func_convert_file_noop
configure:5547: checking for /usr/bin/ld option to reload object files
configure:5554: result: -r
configure:5628: checking for objdump
configure:5644: found /usr/bin/objdump
configure:5655: result: objdump
configure:5687: checking how to recognize dependent libraries
configure:5887: result: pass_all
configure:5972: checking for dlltool
configure:6002: result: no
configure:6032: checking how to associate runtime and link libraries
configure:6059: result: printf %s\n
configure:6119: checking for ar
configure:6135: found /usr/bin/ar
configure:6146: result: ar
configure:6183: checking for archiver @FILE support
configure:6200: gcc -c -g -O2  conftest.c >&5
configure:6200: $? = 0
configure:6203: ar cru libconftest.a @conftest.lst >&5
ar: `u' modifier ignored since `D' is the default (see `U')
configure:6206: $? = 0
configure:6211: ar cru libconftest.a @conftest.lst >&5
ar: `u' modifier ignored since `D' is the default (see `U')
ar: conftest.o: No such file or directory
configure:6214: $? = 1
configure:6226: result: @
configure:6284: checking for strip
configure:6300: found /usr/bin/strip
configure:6311: result: strip
configure:6383: checking for ranlib
configure:6399: found /usr/bin/ranlib
configure:6410: result: ranlib
configure:6512: checking command to parse /usr/bin/nm -B output from gcc object
configure:6665: gcc -c -g -O2  conftest.c >&5
configure:6668: $? = 0
configure:6672: /usr/bin/nm -B conftest.o \| sed -n -e 's/^.*[ ]\([ABCDGIRSTW][ABCDGIRSTW]*\)[ ][ ]*\([_A-Za-z][_A-Za-z0-9]*\)$/\1 \2 \2/p' | sed '/ __gnu_lto/d' \> conftest.nm
configure:6675: $? = 0
configure:6741: gcc -o conftest -g -O2   conftest.c conftstm.o >&5
configure:6744: $? = 0
configure:6782: result: ok
configure:6829: checking for sysroot
configure:6859: result: no
configure:6866: checking for a working dd
configure:6904: result: /bin/dd
configure:6908: checking how to truncate binary pipes
configure:6923: result: /bin/dd bs=4096 count=1
configure:7059: gcc -c -g -O2  conftest.c >&5
configure:7062: $? = 0
configure:7252: checking for mt
configure:7268: found /bin/mt
configure:7279: result: mt
configure:7302: checking if mt is a manifest tool
configure:7308: mt '-?'
configure:7316: result: no
configure:7990: checking for dlfcn.h
configure:7990: gcc -c -g -O2  conftest.c >&5
configure:7990: $? = 0
configure:7990: result: yes
configure:8246: checking for objdir
configure:8261: result: .libs
configure:8525: checking if gcc supports -fno-rtti -fno-exceptions
configure:8543: gcc -c -g -O2  -fno-rtti -fno-exceptions conftest.c >&5
cc1: warning: command line option '-fno-rtti' is valid for C++/ObjC++ but not for C
configure:8547: $? = 0
configure:8560: result: no
configure:8918: checking for gcc option to produce PIC
configure:8925: result: -fPIC -DPIC
configure:8933: checking if gcc PIC flag -fPIC -DPIC works
configure:8951: gcc -c -g -O2  -fPIC -DPIC -DPIC conftest.c >&5
configure:8955: $? = 0
configure:8968: result: yes
configure:8997: checking if gcc static flag -static works
configure:9025: result: yes
configure:9040: checking if gcc supports -c -o file.o
configure:9061: gcc -c -g -O2  -o out/conftest2.o conftest.c >&5
configure:9065: $? = 0
configure:9087: result: yes
configure:9095: checking if gcc supports -c -o file.o
configure:9142: result: yes
configure:9175: checking whether the gcc linker (/usr/bin/ld -m elf_x86_64) supports shared libraries
configure:10434: result: yes
configure:10471: checking whether -lc should be explicitly linked in
configure:10479: gcc -c -g -O2  conftest.c >&5
configure:10482: $? = 0
configure:10497: gcc -shared  -fPIC -DPIC conftest.o  -v -Wl,-soname -Wl,conftest -o conftest 2\>\&1 \| /bin/grep  -lc  \>/dev/null 2\>\&1
configure:10500: $? = 0
configure:10514: result: no
configure:10674: checking dynamic linker characteristics
configure:11255: gcc -o conftest -g -O2   -Wl,-rpath -Wl,/foo conftest.c  >&5
configure:11255: $? = 0
configure:11492: result: GNU/Linux ld.so
configure:11614: checking how to hardcode library paths into programs
configure:11639: result: immediate
configure:12187: checking whether stripping libraries is possible
configure:12192: result: yes
configure:12227: checking if libtool supports shared libraries
configure:12229: result: yes
configure:12232: checking whether to build shared libraries
configure:12257: result: yes
configure:12260: checking whether to build static libraries
configure:12264: result: yes
configure:12313: checking whether make supports nested variables
configure:12330: result: yes
configure:12358: checking if gcc supports -pedantic flag
configure:12373: gcc -o conftest -g -O2 -pedantic   conftest.c  >&5
configure:12373: $? = 0
configure:12391: result: yes
configure:12358: checking if gcc supports -Wall flag
configure:12373: gcc -o conftest -g -O2 -pedantic -Wall   conftest.c  >&5
configure:12373: $? = 0
configure:12391: result: yes
configure:12358: checking if gcc supports -Wextra flag
configure:12373: gcc -o conftest -g -O2 -pedantic -Wall -Wextra   conftest.c  >&5
configure:12373: $? = 0
configure:12391: result: yes
configure:12358: checking if gcc supports -Wno-sign-compare flag
configure:12373: gcc -o conftest -g -O2 -pedantic -Wall -Wextra -Wno-sign-compare   conftest.c  >&5
configure:12373: $? = 0
configure:12391: result: yes
configure:12358: checking if gcc supports -Wno-parentheses flag
configure:12373: gcc -o conftest -g -O2 -pedantic -Wall -Wextra -Wno-sign-compare -Wno-parentheses   conftest.c  >&5
configure:12373: $? = 0
configure:12391: result: yes
configure:12358: checking if gcc supports -Wno-long-long flag
configure:12373: gcc -o conftest -g -O2 -pedantic -Wall -Wextra -Wno-sign-compare -Wno-parentheses -Wno-long-long   conftest.c  >&5
configure:12373: $? = 0
configure:12391: result: yes
configure:12647: checking for cos in -lm
configure:12672: gcc -o conftest -g -O2 -pedantic -Wall -Wextra -Wno-sign-compare -Wno-parentheses -Wno-long-long   conftest.c -lm   >&5
conftest.c:35:6: warning: conflicting types for built-in function 'cos' [-Wbuiltin-declaration-mismatch]
 char cos ();
      ^~~
configure:12672: $? = 0
configure:12681: result: yes
configure:12695: checking for gcc way to treat warnings as errors
configure:12710: gcc -o conftest -g -O2 -pedantic -Wall -Wextra -Wno-sign-compare -Wno-parentheses -Wno-long-long -Werror   conftest.c  >&5
configure:12710: $? = 0
configure:12755: result: -Werror
configure:12761: checking if gcc supports __attribute__(( visibility("default") ))
configure:12772: gcc -c -g -O2 -pedantic -Wall -Wextra -Wno-sign-compare -Wno-parentheses -Wno-long-long -Werror  conftest.c >&5
configure:12772: $? = 0
configure:12781: result: yes
configure:12791: checking if gcc supports -fvisibility=hidden
configure:12808: gcc -o conftest -g -O2 -pedantic -Wall -Wextra -Wno-sign-compare -Wno-parentheses -Wno-long-long -Werror -fvisibility=hidden   conftest.c  >&5
configure:12808: $? = 0
configure:12828: result: yes
configure:12856: checking for doxygen
configure:12872: found /usr/bin/doxygen
configure:12884: result: yes
configure:12894: checking for dot
configure:12910: found /usr/bin/dot
configure:12922: result: yes
configure:13059: checking that generated files are newer than configure
configure:13065: result: done
configure:13108: creating ./config.status

## ---------------------- ##
## Running config.status. ##
## ---------------------- ##

This file was extended by rnnoise config.status 0.2-22-g70f1d25-dirty, which was
generated by GNU Autoconf 2.69.  Invocation command line was

  CONFIG_FILES    = 
  CONFIG_HEADERS  = 
  CONFIG_LINKS    = 
  CONFIG_COMMANDS = 
  $ ./config.status 

on HR

config.status:1114: creating Makefile
config.status:1114: creating rnnoise.pc
config.status:1114: creating rnnoise-uninstalled.pc
config.status:1114: creating doc/Doxyfile
config.status:1114: creating config.h
config.status:1295: config.h is unchanged
config.status:1343: executing depfiles commands
config.status:1343: executing libtool commands
configure:15266:
------------------------------------------------------------------------
  rnnoise 0.2-22-g70f1d25-dirty: Automatic configuration OK.

    Assertions ................... no

    Hidden visibility ............ yes

    API code examples ............ yes
    API documentation ............ yes
------------------------------------------------------------------------


## ---------------- ##
## Cache variables. ##
## ---------------- ##

ac_cv_build=x86_64-pc-linux-gnu
ac_cv_c_compiler_gnu=yes
ac_cv_c_inline=inline
ac_cv_env_CC_set=
ac_cv_env_CC_value=
ac_cv_env_CFLAGS_set=
ac_cv_env_CFLAGS_value=
ac_cv_env_CPPFLAGS_set=
ac_cv_env_CPPFLAGS_value=
ac_cv_env_CPP_set=
ac_cv_env_CPP_value=
ac_cv_env_LDFLAGS_set=
ac_cv_env_LDFLAGS_value=
ac_cv_env_LIBS_set=
ac_cv_env_LIBS_value=
ac_cv_env_LT_SYS_LIBRARY_PATH_set=
ac_cv_env_LT_SYS_LIBRARY_PATH_value=
ac_cv_env_build_alias_set=
ac_cv_env_build_alias_value=
ac_cv_env_host_alias_set=
ac_cv_env_host_alias_value=
ac_cv_env_target_alias_set=
ac_cv_env_target_alias_value=
ac_cv_header_dlfcn_h=yes
ac_cv_header_inttypes_h=yes
ac_cv_header_memory_h=yes
ac_cv_header_minix_config_h=no
ac_cv_header_stdc=yes
ac_cv_header_stdint_h=yes
ac_cv_header_stdlib_h=yes
ac_cv_header_string_h=yes
ac_cv_header_strings_h=yes
ac_cv_header_sys_stat_h=yes
ac_cv_header_sys_types_h=yes
ac_cv_header_unistd_h=yes
ac_cv_host=x86_64-pc-linux-gnu
ac_cv_lib_m_cos=yes
ac_cv_objext=o
ac_cv_path_EGREP='/bin/grep -E'
ac_cv_path_FGREP='/bin/grep -F'
ac_cv_path_GREP=/bin/grep
ac_cv_path_SED=/bin/sed
ac_cv_path_install='/usr/bin/install -c'
ac_cv_path_lt_DD=/bin/dd
ac_cv_path_mkdir=/bin/mkdir
ac_cv_prog_AWK=mawk
ac_cv_prog_CPP='gcc -E'
ac_cv_prog_HAVE_DOT=yes
ac_cv_prog_HAVE_DOXYGEN=yes
ac_cv_prog_ac_ct_AR=ar
ac_cv_prog_ac_ct_CC=gcc
ac_cv_prog_ac_ct_MANIFEST_TOOL=mt
ac_cv_prog_ac_ct_OBJDUMP=objdump
ac_cv_prog_ac_ct_RANLIB=ranlib
ac_cv_prog_ac_ct_STRIP=strip
ac_cv_prog_cc_c89=
ac_cv_prog_cc_g=yes
ac_cv_prog_make_make_set=yes
ac_cv_safe_to_define___extensions__=yes
ac_cv_sys_file_offset_bits=no
ac_cv_sys_largefile_CC=no
am_cv_CC_dependencies_compiler_type=gcc3
am_cv_make_support_nested_variables=yes
am_cv_prog_cc_c_o=yes
cc_cv_attribute_visibility_default=yes
cc_cv_cflags__Wall=yes
cc_cv_cflags__Werror=yes
cc_cv_cflags__Wextra=yes
cc_cv_cflags__Wno_long_long=yes
cc_cv_cflags__Wno_parentheses=yes
cc_cv_cflags__Wno_sign_compare=yes
cc_cv_cflags__fvisibility_hidden=yes
cc_cv_cflags__pedantic=yes
cc_cv_flag_visibility=yes
cc_cv_werror=-Werror
lt_cv_ar_at_file=@
lt_cv_archive_cmds_need_lc=no
lt_cv_deplibs_check_method=pass_all
lt_cv_file_magic_cmd='$MAGIC_CMD'
lt_cv_file_magic_test_file=
lt_cv_ld_reload_flag=-r
lt_cv_nm_interface='BSD nm'
lt_cv_objdir=.libs
lt_cv_path_LD=/usr/bin/ld
lt_cv_path_NM='/usr/bin/nm -B'
lt_cv_path_mainfest_tool=no
lt_cv_prog_compiler_c_o=yes
lt_cv_prog_compiler_pic='-fPIC -DPIC'
lt_cv_prog_compiler_pic_works=yes
lt_cv_prog_compiler_rtti_exceptions=no
lt_cv_prog_compiler_static_works=yes
lt_cv_prog_gnu_ld=yes
lt_cv_sharedlib_from_linklib_cmd='printf %s\n'
lt_cv_shlibpath_overrides_runpath=yes
lt_cv_sys_global_symbol_pipe='sed -n -e '\''s/^.*[	 ]\([ABCDGIRSTW][ABCDGIRSTW]*\)[	 ][	 ]*\([_A-Za-z][_A-Za-z0-9]*\)$/\1 \2 \2/p'\'' | sed '\''/ __gnu_lto/d'\'''
lt_cv_sys_global_symbol_to_c_name_address='sed -n -e '\''s/^: \(.*\) .*$/  {"\1", (void *) 0},/p'\'' -e '\''s/^[ABCDGIRSTW][ABCDGIRSTW]* .* \(.*\)$/  {"\1", (void *) \&\1},/p'\'''
lt_cv_sys_global_symbol_to_c_name_address_lib_prefix='sed -n -e '\''s/^: \(.*\) .*$/  {"\1", (void *) 0},/p'\'' -e '\''s/^[ABCDGIRSTW][ABCDGIRSTW]* .* \(lib.*\)$/  {"\1", (void *) \&\1},/p'\'' -e '\''s/^[ABCDGIRSTW][ABCDGIRSTW]* .* \(.*\)$/  {"lib\1", (void *) \&\1},/p'\'''
lt_cv_sys_global_symbol_to_cdecl='sed -n -e '\''s/^T .* \(.*\)$/extern int \1();/p'\'' -e '\''s/^[ABCDGIRSTW][ABCDGIRSTW]* .* \(.*\)$/extern char \1;/p'\'''
lt_cv_sys_global_symbol_to_import=
lt_cv_sys_max_cmd_len=1572864
lt_cv_to_host_file_cmd=func_convert_file_noop
lt_cv_to_tool_file_cmd=func_convert_file_noop
lt_cv_truncate_bin='/bin/dd bs=4096 count=1'

## ----------------- ##
## Output variables. ##
## ----------------- ##

ACLOCAL='${SHELL} /newhome/sdd/pengdingwei/RNNOISE_16K/rnnoise_16k_2025_05_09/missing aclocal-1.15'
AMDEPBACKSLASH='\'
AMDEP_FALSE='#'
AMDEP_TRUE=''
AMTAR='$${TAR-tar}'
AM_BACKSLASH='\'
AM_DEFAULT_V='$(AM_DEFAULT_VERBOSITY)'
AM_DEFAULT_VERBOSITY='0'
AM_V='$(V)'
AR='ar'
AUTOCONF='${SHELL} /newhome/sdd/pengdingwei/RNNOISE_16K/rnnoise_16k_2025_05_09/missing autoconf'
AUTOHEADER='${SHELL} /newhome/sdd/pengdingwei/RNNOISE_16K/rnnoise_16k_2025_05_09/missing autoheader'
AUTOMAKE='${SHELL} /newhome/sdd/pengdingwei/RNNOISE_16K/rnnoise_16k_2025_05_09/missing automake-1.15'
AWK='mawk'
CC='gcc'
CCDEPMODE='depmode=gcc3'
CFLAGS='-g -O2 -pedantic -Wall -Wextra -Wno-sign-compare -Wno-parentheses -Wno-long-long -fvisibility=hidden'
CPP='gcc -E'
CPPFLAGS=''
CYGPATH_W='echo'
DEFS='-DHAVE_CONFIG_H'
DEPDIR='.deps'
DLLTOOL='false'
DSYMUTIL=''
DUMPBIN=''
ECHO_C=''
ECHO_N='-n'
ECHO_T=''
EGREP='/bin/grep -E'
EXEEXT=''
FGREP='/bin/grep -F'
GREP='/bin/grep'
HAVE_DOT='yes'
HAVE_DOXYGEN='yes'
HAVE_DOXYGEN_FALSE='#'
HAVE_DOXYGEN_TRUE=''
INSTALL_DATA='${INSTALL} -m 644'
INSTALL_PROGRAM='${INSTALL}'
INSTALL_SCRIPT='${INSTALL}'
INSTALL_STRIP_PROGRAM='$(install_sh) -c -s'
LD='/usr/bin/ld -m elf_x86_64'
LDFLAGS=''
LIBM='-lm'
LIBOBJS=''
LIBS=''
LIBTOOL='$(SHELL) $(top_builddir)/libtool'
LIPO=''
LN_S='ln -s'
LTLIBOBJS=''
LT_SYS_LIBRARY_PATH=''
MAINT=''
MAINTAINER_MODE_FALSE='#'
MAINTAINER_MODE_TRUE=''
MAKEINFO='${SHELL} /newhome/sdd/pengdingwei/RNNOISE_16K/rnnoise_16k_2025_05_09/missing makeinfo'
MANIFEST_TOOL=':'
MKDIR_P='/bin/mkdir -p'
NM='/usr/bin/nm -B'
NMEDIT=''
OBJDUMP='objdump'
OBJEXT='o'
OPUS_X86_AVX2_CFLAGS='-mavx -mfma -mavx2'
OPUS_X86_SSE4_1_CFLAGS='-msse4.1'
OP_ENABLE_EXAMPLES_FALSE='#'
OP_ENABLE_EXAMPLES_TRUE=''
OP_LT_AGE='4'
OP_LT_CURRENT='4'
OP_LT_REVISION='1'
OP_WIN32_FALSE=''
OP_WIN32_TRUE='#'
OTOOL64=''
OTOOL=''
PACKAGE='rnnoise'
PACKAGE_BUGREPORT='jmvalin@jmvalin.ca'
PACKAGE_NAME='rnnoise'
PACKAGE_STRING='rnnoise 0.2-22-g70f1d25-dirty'
PACKAGE_TARNAME='rnnoise'
PACKAGE_URL=''
PACKAGE_VERSION='0.2-22-g70f1d25-dirty'
PATH_SEPARATOR=':'
RANLIB='ranlib'
RNN_ENABLE_X86_RTCD_FALSE=''
RNN_ENABLE_X86_RTCD_TRUE='#'
SED='/bin/sed'
SET_MAKE=''
SHELL='/bin/bash'
STRIP='strip'
VERSION='0.2-22-g70f1d25-dirty'
ac_ct_AR='ar'
ac_ct_CC='gcc'
ac_ct_DUMPBIN=''
am__EXEEXT_FALSE=''
am__EXEEXT_TRUE='#'
am__fastdepCC_FALSE='#'
am__fastdepCC_TRUE=''
am__include='include'
am__isrc=''
am__leading_dot='.'
am__nodep='_no'
am__quote=''
am__tar='$${TAR-tar} chof - "$$tardir"'
am__untar='$${TAR-tar} xf -'
bindir='${exec_prefix}/bin'
build='x86_64-pc-linux-gnu'
build_alias=''
build_cpu='x86_64'
build_os='linux-gnu'
build_vendor='pc'
datadir='${datarootdir}'
datarootdir='${prefix}/share'
docdir='${datarootdir}/doc/${PACKAGE_TARNAME}'
dvidir='${docdir}'
exec_prefix='${prefix}'
host='x86_64-pc-linux-gnu'
host_alias=''
host_cpu='x86_64'
host_os='linux-gnu'
host_vendor='pc'
htmldir='${docdir}'
includedir='${prefix}/include'
infodir='${datarootdir}/info'
install_sh='${SHELL} /newhome/sdd/pengdingwei/RNNOISE_16K/rnnoise_16k_2025_05_09/install-sh'
libdir='${exec_prefix}/lib'
libexecdir='${exec_prefix}/libexec'
localedir='${datarootdir}/locale'
localstatedir='${prefix}/var'
lrintf_lib=''
mandir='${datarootdir}/man'
mkdir_p='$(MKDIR_P)'
oldincludedir='/usr/include'
pdfdir='${docdir}'
prefix='/usr/local'
program_transform_name='s,x,x,'
psdir='${docdir}'
runstatedir='${localstatedir}/run'
sbindir='${exec_prefix}/sbin'
sharedstatedir='${prefix}/com'
sysconfdir='${prefix}/etc'
target_alias=''

## ----------- ##
## confdefs.h. ##
## ----------- ##

/* confdefs.h */
#define PACKAGE_NAME "rnnoise"
#define PACKAGE_TARNAME "rnnoise"
#define PACKAGE_VERSION "0.2-22-g70f1d25-dirty"
#define PACKAGE_STRING "rnnoise 0.2-22-g70f1d25-dirty"
#define PACKAGE_BUGREPORT "jmvalin@jmvalin.ca"
#define PACKAGE_URL ""
#define STDC_HEADERS 1
#define HAVE_SYS_TYPES_H 1
#define HAVE_SYS_STAT_H 1
#define HAVE_STDLIB_H 1
#define HAVE_STRING_H 1
#define HAVE_MEMORY_H 1
#define HAVE_STRINGS_H 1
#define HAVE_INTTYPES_H 1
#define HAVE_STDINT_H 1
#define HAVE_UNISTD_H 1
#define __EXTENSIONS__ 1
#define _ALL_SOURCE 1
#define _GNU_SOURCE 1
#define _POSIX_PTHREAD_SEMANTICS 1
#define _TANDEM_SOURCE 1
#define HAVE_DLFCN_H 1
#define LT_OBJDIR ".libs/"
#define RNNOISE_BUILD /**/
#define DISABLE_DEBUG_FLOAT 1
#define SUPPORT_ATTRIBUTE_VISIBILITY_DEFAULT 1
#define SUPPORT_FLAG_VISIBILITY 1

configure: exit 0
